0 info it worked if it ends with ok
1 verbose cli [ '/usr/local/bin/node', '/usr/local/bin/npm', 'run', 'test' ]
2 info using npm@3.3.12
3 info using node@v5.5.0
4 verbose run-script [ 'pretest', 'test', 'posttest' ]
5 info lifecycle idle-timer@1.0.0~pretest: idle-timer@1.0.0
6 silly lifecycle idle-timer@1.0.0~pretest: no script for pretest, continuing
7 info lifecycle idle-timer@1.0.0~test: idle-timer@1.0.0
8 verbose lifecycle idle-timer@1.0.0~test: unsafe-perm in lifecycle true
9 verbose lifecycle idle-timer@1.0.0~test: PATH: /usr/local/lib/node_modules/npm/bin/node-gyp-bin:/Users/orrybaram/Sites/idle-timer/node_modules/.bin:/Users/orrybaram/.node/bin:/usr/local/bin:/usr/bin:/bin:/usr/sbin:/sbin
10 verbose lifecycle idle-timer@1.0.0~test: CWD: /Users/orrybaram/Sites/idle-timer
11 silly lifecycle idle-timer@1.0.0~test: Args: [ '-c', 'browserify -t test.js | browser-run -p 2222 | faucet' ]
12 silly lifecycle idle-timer@1.0.0~test: Returned: code: 1  signal: null
13 info lifecycle idle-timer@1.0.0~test: Failed to exec test script
14 verbose stack Error: idle-timer@1.0.0 test: `browserify -t test.js | browser-run -p 2222 | faucet`
14 verbose stack Exit status 1
14 verbose stack     at EventEmitter.<anonymous> (/usr/local/lib/node_modules/npm/lib/utils/lifecycle.js:232:16)
14 verbose stack     at emitTwo (events.js:100:13)
14 verbose stack     at EventEmitter.emit (events.js:185:7)
14 verbose stack     at ChildProcess.<anonymous> (/usr/local/lib/node_modules/npm/lib/utils/spawn.js:24:14)
14 verbose stack     at emitTwo (events.js:100:13)
14 verbose stack     at ChildProcess.emit (events.js:185:7)
14 verbose stack     at maybeClose (internal/child_process.js:821:16)
14 verbose stack     at Process.ChildProcess._handle.onexit (internal/child_process.js:211:5)
15 verbose pkgid idle-timer@1.0.0
16 verbose cwd /Users/orrybaram/Sites/idle-timer
17 error Darwin 15.2.0
18 error argv "/usr/local/bin/node" "/usr/local/bin/npm" "run" "test"
19 error node v5.5.0
20 error npm  v3.3.12
21 error code ELIFECYCLE
22 error idle-timer@1.0.0 test: `browserify -t test.js | browser-run -p 2222 | faucet`
22 error Exit status 1
23 error Failed at the idle-timer@1.0.0 test script 'browserify -t test.js | browser-run -p 2222 | faucet'.
23 error Make sure you have the latest version of node.js and npm installed.
23 error If you do, this is most likely a problem with the idle-timer package,
23 error not with npm itself.
23 error Tell the author that this fails on your system:
23 error     browserify -t test.js | browser-run -p 2222 | faucet
23 error You can get their info via:
23 error     npm owner ls idle-timer
23 error There is likely additional logging output above.
24 verbose exit [ 1, true ]
